<?xml version="1.0" encoding="UTF-8"?>
<!-- Generated by org.testng.reporters.JUnitReportReporter -->
<testsuite hostname="YIP-L1631" failures="0" tests="1" name="com.PilotPay.testCases.TC_UpdatePayCategoryTest_004" time="46.493" errors="0" timestamp="26 Aug 2019 20:14:55 GMT" skipped="0">
  <testcase classname="com.PilotPay.testCases.TC_UpdatePayCategoryTest_004" name="editPayCategory" time="46.493"/>
</testsuite> <!-- com.PilotPay.testCases.TC_UpdatePayCategoryTest_004 -->
