<?xml version="1.0" encoding="UTF-8"?>
<!-- Generated by org.testng.reporters.JUnitReportReporter -->
<testsuite hostname="YIP-L1631" failures="0" tests="1" name="com.PilotPay.testCases.TC_CreatePayCategoryTest_003" time="24.320" errors="0" timestamp="06 Sep 2019 17:37:46 GMT" skipped="0">
  <testcase classname="com.PilotPay.testCases.TC_CreatePayCategoryTest_003" name="addNewPayCategory" time="24.320"/>
</testsuite> <!-- com.PilotPay.testCases.TC_CreatePayCategoryTest_003 -->
