<?xml version="1.0" encoding="UTF-8"?>
<!-- Generated by org.testng.reporters.JUnitReportReporter -->
<testsuite hostname="YIP-L1631" failures="0" tests="1" name="com.PilotPay.testCases.TC_DeletePayCategoryTest_005" time="17.101" errors="0" timestamp="26 Aug 2019 21:08:21 GMT" skipped="0">
  <testcase classname="com.PilotPay.testCases.TC_DeletePayCategoryTest_005" name="editPayCategory" time="17.101"/>
</testsuite> <!-- com.PilotPay.testCases.TC_DeletePayCategoryTest_005 -->
