<?xml version="1.0" encoding="UTF-8"?>
<!-- Generated by org.testng.reporters.JUnitReportReporter -->
<testsuite hostname="YIP-L1631" failures="0" tests="1" name="com.PilotPay.testCases.TC_LoginTest_001" time="2.967" errors="0" timestamp="06 Sep 2019 18:25:58 GMT" skipped="0">
  <testcase classname="com.PilotPay.testCases.TC_LoginTest_001" name="loginTest" time="2.967"/>
</testsuite> <!-- com.PilotPay.testCases.TC_LoginTest_001 -->
