<?xml version="1.0" encoding="UTF-8"?>
<!-- Generated by org.testng.reporters.JUnitReportReporter -->
<testsuite hostname="YIP-L1631" failures="0" tests="1" name="com.PilotPay.testCases.TC_E2EPayCategorieyTest_006" time="51.351" errors="0" timestamp="10 Sep 2019 19:04:20 GMT" skipped="0">
  <testcase classname="com.PilotPay.testCases.TC_E2EPayCategorieyTest_006" name="addNewPayCategory" time="51.351"/>
</testsuite> <!-- com.PilotPay.testCases.TC_E2EPayCategorieyTest_006 -->
